# JRE version: Java(TM) SE Runtime Environment (21.0.6+8) (build 21.0.6+8-LTS-188)
# Java VM: Java HotSpot(TM) 64-Bit Server VM (21.0.6+8-LTS-188, mixed mode, sharing, tiered, compressed oops, compressed class ptrs, g1 gc, windows-amd64)
GC Precious Log:
 CardTable entry size: 512
 Card Set container configuration: InlinePtr #cards 4 size 8 Array Of Cards #cards 32 size 80 Howl #buckets 8 coarsen threshold 7372 Howl Bitmap #cards 1024 size 144 coarsen threshold 921 Card regions per heap region 1 cards per card region 8192
 CPUs: 20 total, 20 available
 Memory: 32452M
 Large Page Support: Disabled
 NUMA Support: Disabled
 Compressed Oops: Enabled (Zero based)
 Heap Region Size: 4M
 Heap Min Capacity: 8M
 Heap Initial Capacity: 508M
 Heap Max Capacity: 8116M
 Pre-touch: Disabled
 Parallel Workers: 15
 Concurrent Workers: 4
 Concurrent Refinement Workers: 15
 Periodic GC: Disabled
Heap:
 garbage-first heap   total 614400K, used 260002K [0x0000000604c00000, 0x0000000800000000)
  region size 4096K, 6 young (24576K), 6 survivors (24576K)
 Metaspace       used 42340K, committed 43072K, reserved 1114112K
  class space    used 5546K, committed 5888K, reserved 1048576K
GC Heap History (20 events):
Event: 3.271 GC heap after
{Heap after GC invocations=14 (full 0):
 garbage-first heap   total 221184K, used 73941K [0x0000000604c00000, 0x0000000800000000)
  region size 4096K, 3 young (12288K), 3 survivors (12288K)
 Metaspace       used 35321K, committed 35904K, reserved 1114112K
  class space    used 4301K, committed 4544K, reserved 1048576K
}
Event: 3.368 GC heap before
{Heap before GC invocations=14 (full 0):
 garbage-first heap   total 221184K, used 180437K [0x0000000604c00000, 0x0000000800000000)
  region size 4096K, 30 young (122880K), 3 survivors (12288K)
 Metaspace       used 35350K, committed 35904K, reserved 1114112K
  class space    used 4303K, committed 4544K, reserved 1048576K
}
Event: 3.375 GC heap after
{Heap after GC invocations=15 (full 0):
 garbage-first heap   total 221184K, used 81404K [0x0000000604c00000, 0x0000000800000000)
  region size 4096K, 2 young (8192K), 2 survivors (8192K)
 Metaspace       used 35350K, committed 35904K, reserved 1114112K
  class space    used 4303K, committed 4544K, reserved 1048576K
}
Event: 3.461 GC heap before
{Heap before GC invocations=15 (full 0):
 garbage-first heap   total 221184K, used 187900K [0x0000000604c00000, 0x0000000800000000)
  region size 4096K, 29 young (118784K), 2 survivors (8192K)
 Metaspace       used 35350K, committed 35904K, reserved 1114112K
  class space    used 4303K, committed 4544K, reserved 1048576K
}
Event: 3.467 GC heap after
{Heap after GC invocations=16 (full 0):
 garbage-first heap   total 364544K, used 90112K [0x0000000604c00000, 0x0000000800000000)
  region size 4096K, 4 young (16384K), 4 survivors (16384K)
 Metaspace       used 35350K, committed 35904K, reserved 1114112K
  class space    used 4303K, committed 4544K, reserved 1048576K
}
Event: 3.590 GC heap before
{Heap before GC invocations=16 (full 0):
 garbage-first heap   total 364544K, used 286720K [0x0000000604c00000, 0x0000000800000000)
  region size 4096K, 53 young (217088K), 4 survivors (16384K)
 Metaspace       used 35350K, committed 35904K, reserved 1114112K
  class space    used 4303K, committed 4544K, reserved 1048576K
}
Event: 3.597 GC heap after
{Heap after GC invocations=17 (full 0):
 garbage-first heap   total 364544K, used 106290K [0x0000000604c00000, 0x0000000800000000)
  region size 4096K, 7 young (28672K), 7 survivors (28672K)
 Metaspace       used 35350K, committed 35904K, reserved 1114112K
  class space    used 4303K, committed 4544K, reserved 1048576K
}
Event: 3.713 GC heap before
{Heap before GC invocations=17 (full 0):
 garbage-first heap   total 364544K, used 290610K [0x0000000604c00000, 0x0000000800000000)
  region size 4096K, 53 young (217088K), 7 survivors (28672K)
 Metaspace       used 35350K, committed 35904K, reserved 1114112K
  class space    used 4303K, committed 4544K, reserved 1048576K
}
Event: 3.723 GC heap after
{Heap after GC invocations=18 (full 0):
 garbage-first heap   total 364544K, used 120739K [0x0000000604c00000, 0x0000000800000000)
  region size 4096K, 4 young (16384K), 4 survivors (16384K)
 Metaspace       used 35350K, committed 35904K, reserved 1114112K
  class space    used 4303K, committed 4544K, reserved 1048576K
}
Event: 3.851 GC heap before
{Heap before GC invocations=18 (full 0):
 garbage-first heap   total 364544K, used 309155K [0x0000000604c00000, 0x0000000800000000)
  region size 4096K, 51 young (208896K), 4 survivors (16384K)
 Metaspace       used 35356K, committed 35904K, reserved 1114112K
  class space    used 4303K, committed 4544K, reserved 1048576K
}
Event: 3.858 GC heap after
{Heap after GC invocations=19 (full 0):
 garbage-first heap   total 364544K, used 130485K [0x0000000604c00000, 0x0000000800000000)
  region size 4096K, 6 young (24576K), 6 survivors (24576K)
 Metaspace       used 35356K, committed 35904K, reserved 1114112K
  class space    used 4303K, committed 4544K, reserved 1048576K
}
Event: 3.949 GC heap before
{Heap before GC invocations=19 (full 0):
 garbage-first heap   total 364544K, used 314805K [0x0000000604c00000, 0x0000000800000000)
  region size 4096K, 52 young (212992K), 6 survivors (24576K)
 Metaspace       used 35356K, committed 35904K, reserved 1114112K
  class space    used 4303K, committed 4544K, reserved 1048576K
}
Event: 3.958 GC heap after
{Heap after GC invocations=20 (full 0):
 garbage-first heap   total 614400K, used 147106K [0x0000000604c00000, 0x0000000800000000)
  region size 4096K, 7 young (28672K), 7 survivors (28672K)
 Metaspace       used 35356K, committed 35904K, reserved 1114112K
  class space    used 4303K, committed 4544K, reserved 1048576K
}
Event: 4.216 GC heap before
{Heap before GC invocations=20 (full 0):
 garbage-first heap   total 614400K, used 487074K [0x0000000604c00000, 0x0000000800000000)
  region size 4096K, 90 young (368640K), 7 survivors (28672K)
 Metaspace       used 35357K, committed 35904K, reserved 1114112K
  class space    used 4303K, committed 4544K, reserved 1048576K
}
Event: 4.228 GC heap after
{Heap after GC invocations=21 (full 0):
 garbage-first heap   total 614400K, used 175548K [0x0000000604c00000, 0x0000000800000000)
  region size 4096K, 10 young (40960K), 10 survivors (40960K)
 Metaspace       used 35357K, committed 35904K, reserved 1114112K
  class space    used 4303K, committed 4544K, reserved 1048576K
}
Event: 4.826 GC heap before
{Heap before GC invocations=21 (full 0):
 garbage-first heap   total 614400K, used 499132K [0x0000000604c00000, 0x0000000800000000)
  region size 4096K, 90 young (368640K), 10 survivors (40960K)
 Metaspace       used 42339K, committed 43072K, reserved 1114112K
  class space    used 5546K, committed 5888K, reserved 1048576K
}
Event: 4.845 GC heap after
{Heap after GC invocations=22 (full 0):
 garbage-first heap   total 614400K, used 209931K [0x0000000604c00000, 0x0000000800000000)
  region size 4096K, 12 young (49152K), 12 survivors (49152K)
 Metaspace       used 42339K, committed 43072K, reserved 1114112K
  class space    used 5546K, committed 5888K, reserved 1048576K
}
Event: 4.999 GC heap before
{Heap before GC invocations=22 (full 0):
 garbage-first heap   total 614400K, used 508939K [0x0000000604c00000, 0x0000000800000000)
  region size 4096K, 86 young (352256K), 12 survivors (49152K)
 Metaspace       used 42339K, committed 43072K, reserved 1114112K
  class space    used 5546K, committed 5888K, reserved 1048576K
}
Event: 5.019 GC heap after
{Heap after GC invocations=23 (full 0):
 garbage-first heap   total 614400K, used 238695K [0x0000000604c00000, 0x0000000800000000)
  region size 4096K, 7 young (28672K), 7 survivors (28672K)
 Metaspace       used 42339K, committed 43072K, reserved 1114112K
  class space    used 5546K, committed 5888K, reserved 1048576K
}
Event: 5.094 GC heap before
{Heap before GC invocations=23 (full 0):
 garbage-first heap   total 614400K, used 521319K [0x0000000604c00000, 0x0000000800000000)
  region size 4096K, 77 young (315392K), 7 survivors (28672K)
 Metaspace       used 42340K, committed 43072K, reserved 1114112K
  class space    used 5546K, committed 5888K, reserved 1048576K
}

