# JRE version: Java(TM) SE Runtime Environment (21.0.6+8) (build 21.0.6+8-LTS-188)
# Java VM: Java HotSpot(TM) 64-Bit Server VM (21.0.6+8-LTS-188, mixed mode, sharing, tiered, compressed oops, compressed class ptrs, g1 gc, windows-amd64)
GC Precious Log:
 CardTable entry size: 512
 Card Set container configuration: InlinePtr #cards 4 size 8 Array Of Cards #cards 32 size 80 Howl #buckets 8 coarsen threshold 7372 Howl Bitmap #cards 1024 size 144 coarsen threshold 921 Card regions per heap region 1 cards per card region 8192
 CPUs: 20 total, 20 available
 Memory: 32452M
 Large Page Support: Disabled
 NUMA Support: Disabled
 Compressed Oops: Enabled (Zero based)
 Heap Region Size: 4M
 Heap Min Capacity: 8M
 Heap Initial Capacity: 508M
 Heap Max Capacity: 8116M
 Pre-touch: Disabled
 Parallel Workers: 15
 Concurrent Workers: 4
 Concurrent Refinement Workers: 15
 Periodic GC: Disabled
Heap:
 garbage-first heap   total 880640K, used 322603K [0x0000000604c00000, 0x0000000800000000)
  region size 4096K, 15 young (61440K), 15 survivors (61440K)
 Metaspace       used 42314K, committed 43008K, reserved 1114112K
  class space    used 5542K, committed 5888K, reserved 1048576K
GC Heap History (20 events):
Event: 3.282 GC heap after
{Heap after GC invocations=12 (full 0):
 garbage-first heap   total 303104K, used 81687K [0x0000000604c00000, 0x0000000800000000)
  region size 4096K, 4 young (16384K), 4 survivors (16384K)
 Metaspace       used 35360K, committed 35968K, reserved 1114112K
  class space    used 4299K, committed 4544K, reserved 1048576K
}
Event: 3.364 GC heap before
{Heap before GC invocations=12 (full 0):
 garbage-first heap   total 303104K, used 241431K [0x0000000604c00000, 0x0000000800000000)
  region size 4096K, 44 young (180224K), 4 survivors (16384K)
 Metaspace       used 35363K, committed 35968K, reserved 1114112K
  class space    used 4299K, committed 4544K, reserved 1048576K
}
Event: 3.370 GC heap after
{Heap after GC invocations=13 (full 0):
 garbage-first heap   total 491520K, used 93293K [0x0000000604c00000, 0x0000000800000000)
  region size 4096K, 6 young (24576K), 6 survivors (24576K)
 Metaspace       used 35363K, committed 35968K, reserved 1114112K
  class space    used 4299K, committed 4544K, reserved 1048576K
}
Event: 3.411 GC heap before
{Heap before GC invocations=13 (full 0):
 garbage-first heap   total 491520K, used 171117K [0x0000000604c00000, 0x0000000800000000)
  region size 4096K, 27 young (110592K), 6 survivors (24576K)
 Metaspace       used 35383K, committed 35968K, reserved 1114112K
  class space    used 4299K, committed 4544K, reserved 1048576K
}
Event: 3.417 GC heap after
{Heap after GC invocations=14 (full 0):
 garbage-first heap   total 491520K, used 101844K [0x0000000604c00000, 0x0000000800000000)
  region size 4096K, 6 young (24576K), 6 survivors (24576K)
 Metaspace       used 35383K, committed 35968K, reserved 1114112K
  class space    used 4299K, committed 4544K, reserved 1048576K
}
Event: 3.541 GC heap before
{Heap before GC invocations=15 (full 0):
 garbage-first heap   total 450560K, used 343508K [0x0000000604c00000, 0x0000000800000000)
  region size 4096K, 66 young (270336K), 6 survivors (24576K)
 Metaspace       used 35386K, committed 36032K, reserved 1114112K
  class space    used 4299K, committed 4544K, reserved 1048576K
}
Event: 3.549 GC heap after
{Heap after GC invocations=16 (full 0):
 garbage-first heap   total 450560K, used 119493K [0x0000000604c00000, 0x0000000800000000)
  region size 4096K, 7 young (28672K), 7 survivors (28672K)
 Metaspace       used 35386K, committed 36032K, reserved 1114112K
  class space    used 4299K, committed 4544K, reserved 1048576K
}
Event: 3.651 GC heap before
{Heap before GC invocations=16 (full 0):
 garbage-first heap   total 450560K, used 357061K [0x0000000604c00000, 0x0000000800000000)
  region size 4096K, 67 young (274432K), 7 survivors (28672K)
 Metaspace       used 35390K, committed 36032K, reserved 1114112K
  class space    used 4299K, committed 4544K, reserved 1048576K
}
Event: 3.659 GC heap after
{Heap after GC invocations=17 (full 0):
 garbage-first heap   total 450560K, used 133575K [0x0000000604c00000, 0x0000000800000000)
  region size 4096K, 8 young (32768K), 8 survivors (32768K)
 Metaspace       used 35390K, committed 36032K, reserved 1114112K
  class space    used 4299K, committed 4544K, reserved 1048576K
}
Event: 3.741 GC heap before
{Heap before GC invocations=17 (full 0):
 garbage-first heap   total 450560K, used 367047K [0x0000000604c00000, 0x0000000800000000)
  region size 4096K, 66 young (270336K), 8 survivors (32768K)
 Metaspace       used 35390K, committed 36032K, reserved 1114112K
  class space    used 4299K, committed 4544K, reserved 1048576K
}
Event: 3.752 GC heap after
{Heap after GC invocations=18 (full 0):
 garbage-first heap   total 450560K, used 151610K [0x0000000604c00000, 0x0000000800000000)
  region size 4096K, 9 young (36864K), 9 survivors (36864K)
 Metaspace       used 35390K, committed 36032K, reserved 1114112K
  class space    used 4299K, committed 4544K, reserved 1048576K
}
Event: 3.836 GC heap before
{Heap before GC invocations=18 (full 0):
 garbage-first heap   total 450560K, used 385082K [0x0000000604c00000, 0x0000000800000000)
  region size 4096K, 66 young (270336K), 9 survivors (36864K)
 Metaspace       used 35391K, committed 36032K, reserved 1114112K
  class space    used 4299K, committed 4544K, reserved 1048576K
}
Event: 3.847 GC heap after
{Heap after GC invocations=19 (full 0):
 garbage-first heap   total 880640K, used 170801K [0x0000000604c00000, 0x0000000800000000)
  region size 4096K, 9 young (36864K), 9 survivors (36864K)
 Metaspace       used 35391K, committed 36032K, reserved 1114112K
  class space    used 4299K, committed 4544K, reserved 1048576K
}
Event: 4.410 GC heap before
{Heap before GC invocations=19 (full 0):
 garbage-first heap   total 880640K, used 658225K [0x0000000604c00000, 0x0000000800000000)
  region size 4096K, 129 young (528384K), 9 survivors (36864K)
 Metaspace       used 42307K, committed 43008K, reserved 1114112K
  class space    used 5542K, committed 5888K, reserved 1048576K
}
Event: 4.428 GC heap after
{Heap after GC invocations=20 (full 0):
 garbage-first heap   total 880640K, used 220443K [0x0000000604c00000, 0x0000000800000000)
  region size 4096K, 17 young (69632K), 17 survivors (69632K)
 Metaspace       used 42307K, committed 43008K, reserved 1114112K
  class space    used 5542K, committed 5888K, reserved 1048576K
}
Event: 4.564 GC heap before
{Heap before GC invocations=20 (full 0):
 garbage-first heap   total 880640K, used 675099K [0x0000000604c00000, 0x0000000800000000)
  region size 4096K, 129 young (528384K), 17 survivors (69632K)
 Metaspace       used 42314K, committed 43008K, reserved 1114112K
  class space    used 5542K, committed 5888K, reserved 1048576K
}
Event: 4.585 GC heap after
{Heap after GC invocations=21 (full 0):
 garbage-first heap   total 880640K, used 259649K [0x0000000604c00000, 0x0000000800000000)
  region size 4096K, 10 young (40960K), 10 survivors (40960K)
 Metaspace       used 42314K, committed 43008K, reserved 1114112K
  class space    used 5542K, committed 5888K, reserved 1048576K
}
Event: 4.714 GC heap before
{Heap before GC invocations=21 (full 0):
 garbage-first heap   total 880640K, used 697921K [0x0000000604c00000, 0x0000000800000000)
  region size 4096K, 118 young (483328K), 10 survivors (40960K)
 Metaspace       used 42314K, committed 43008K, reserved 1114112K
  class space    used 5542K, committed 5888K, reserved 1048576K
}
Event: 4.728 GC heap after
{Heap after GC invocations=22 (full 0):
 garbage-first heap   total 880640K, used 287111K [0x0000000604c00000, 0x0000000800000000)
  region size 4096K, 7 young (28672K), 7 survivors (28672K)
 Metaspace       used 42314K, committed 43008K, reserved 1114112K
  class space    used 5542K, committed 5888K, reserved 1048576K
}
Event: 4.868 GC heap before
{Heap before GC invocations=22 (full 0):
 garbage-first heap   total 880640K, used 737671K [0x0000000604c00000, 0x0000000800000000)
  region size 4096K, 117 young (479232K), 7 survivors (28672K)
 Metaspace       used 42314K, committed 43008K, reserved 1114112K
  class space    used 5542K, committed 5888K, reserved 1048576K
}

